2025-05-28 20:16:32,669 | INFO | Snapshot 'original' salvo com sucesso. Shape: (10, 10)
2025-05-28 20:16:37,362 | INFO | Snapshot 'pos_merge' salvo com sucesso. Shape: (10, 9)
2025-05-28 20:17:25,050 | INFO | Snapshot 'original' salvo com sucesso. Shape: (10, 10)
2025-05-28 20:17:26,758 | INFO | Snapshot 'pos_merge' salvo com sucesso. Shape: (10, 9)
2025-05-28 20:18:39,941 | INFO | Snapshot 'original' salvo com sucesso. Shape: (10, 10)
2025-05-28 20:18:39,971 | INFO | Snapshot 'pos_merge' salvo com sucesso. Shape: (10, 9)
2025-05-28 20:18:39,998 | INFO | Alerta PSI>0.2 detectado para 'cat_low': PSI=4.199
2025-05-28 20:18:39,999 | INFO | Alerta PSI>0.2 detectado para 'num_feat_0': PSI=1.151
2025-05-28 20:25:35,984 | INFO | Snapshot 'original' salvo com sucesso. Shape: (10, 10)
2025-05-28 20:25:36,028 | INFO | Snapshot 'pos_merge' salvo com sucesso. Shape: (10, 9)
2025-05-28 20:25:36,049 | INFO | Alerta PSI>0.2 detectado para 'cat_low': PSI=4.199
2025-05-28 20:25:36,050 | INFO | Alerta PSI>0.2 detectado para 'num_feat_0': PSI=1.151
2025-05-28 20:27:50,320 | INFO | Snapshot 'original' salvo com sucesso. Shape: (10, 10)
2025-05-28 20:27:50,405 | INFO | Snapshot 'pos_merge' salvo com sucesso. Shape: (10, 9)
2025-05-28 20:27:50,422 | INFO | Alerta PSI>0.2 detectado para 'cat_low': PSI=4.199
2025-05-28 20:27:50,423 | INFO | Alerta PSI>0.2 detectado para 'num_feat_0': PSI=1.151
2025-05-28 20:28:16,772 | INFO | Snapshot 'original' salvo com sucesso. Shape: (10, 10)
2025-05-28 20:28:16,831 | INFO | Snapshot 'pos_merge' salvo com sucesso. Shape: (10, 9)
2025-05-28 20:28:16,851 | INFO | Alerta PSI>0.2 detectado para 'cat_low': PSI=4.199
2025-05-28 20:28:16,853 | INFO | Alerta PSI>0.2 detectado para 'num_feat_0': PSI=1.151
2025-05-28 20:30:38,576 | INFO | Snapshot 'original' salvo com sucesso. Shape: (10, 10)
2025-05-28 20:30:38,638 | INFO | Snapshot 'pos_merge' salvo com sucesso. Shape: (10, 9)
2025-05-28 20:30:38,657 | INFO | Alerta PSI>0.2 detectado para 'cat_low': PSI=4.199
2025-05-28 20:30:38,658 | INFO | Alerta PSI>0.2 detectado para 'num_feat_0': PSI=1.151
2025-05-28 20:33:36,321 | INFO | Snapshot 'original' salvo com sucesso. Shape: (10, 10)
2025-05-28 20:33:36,397 | INFO | Snapshot 'pos_merge' salvo com sucesso. Shape: (10, 9)
2025-05-28 20:33:36,417 | INFO | Alerta PSI>0.2 detectado para 'cat_low': PSI=4.199
2025-05-28 20:33:36,419 | INFO | Alerta PSI>0.2 detectado para 'num_feat_0': PSI=1.151
2025-05-28 20:41:37,152 | INFO | Snapshot 'original' salvo com sucesso. Shape: (2000, 13)
2025-05-28 20:44:19,955 | INFO | Snapshot 'original' salvo com sucesso. Shape: (500000, 208)
2025-05-28 20:49:13,748 | INFO | Snapshot 'original' salvo com sucesso. Shape: (500000, 208)
2025-05-28 20:50:15,080 | INFO | Snapshot 'merge_errado' salvo com sucesso. Shape: (475000, 207)
